-------------------------------------------------------------------------------
Test set: com.ctg.aatime.service.impl.ActivityServiceImplTest
-------------------------------------------------------------------------------
Tests run: 1, Failures: 0, Errors: 1, Skipped: 0, Time elapsed: 0 s <<< FAILURE! - in com.ctg.aatime.service.impl.ActivityServiceImplTest
initializationError(com.ctg.aatime.service.impl.ActivityServiceImplTest)  Time elapsed: 0 s  <<< ERROR!
java.lang.Exception: No runnable methods

